This is pdfTeX, Version 3.14159265-2.6-1.40.19 (MiKTeX 2.9.6930 64-bit) (preloaded format=pdflatex 2019.2.14)  17 JUL 2019 13:46
entering extended mode
**./Ausarbeitung.tex
(Ausarbeitung.tex
LaTeX2e <2018-12-01>
("C:\Users\marce\AppData\Local\Programs\MiKTeX 2.9\tex/latex/base\article.cls"
Document Class: article 2018/09/03 v1.4i Standard LaTeX document class
("C:\Users\marce\AppData\Local\Programs\MiKTeX 2.9\tex/latex/base\size12.clo"
File: size12.clo 2018/09/03 v1.4i Standard LaTeX file (size option)
)
\c@part=\count80
\c@section=\count81
\c@subsection=\count82
\c@subsubsection=\count83
\c@paragraph=\count84
\c@subparagraph=\count85
\c@figure=\count86
\c@table=\count87
\abovecaptionskip=\skip41
\belowcaptionskip=\skip42
\bibindent=\dimen102
)
("C:\Users\marce\AppData\Local\Programs\MiKTeX 2.9\tex/latex/amsmath\amsmath.st
y"
Package: amsmath 2018/12/01 v2.17b AMS math features
\@mathmargin=\skip43

For additional information on amsmath, use the `?' option.

("C:\Users\marce\AppData\Local\Programs\MiKTeX 2.9\tex/latex/amsmath\amstext.st
y"
Package: amstext 2000/06/29 v2.01 AMS text

("C:\Users\marce\AppData\Local\Programs\MiKTeX 2.9\tex/latex/amsmath\amsgen.sty
"
File: amsgen.sty 1999/11/30 v2.0 generic functions
\@emptytoks=\toks14
\ex@=\dimen103
))
("C:\Users\marce\AppData\Local\Programs\MiKTeX 2.9\tex/latex/amsmath\amsbsy.sty
"
Package: amsbsy 1999/11/29 v1.2d Bold Symbols
\pmbraise@=\dimen104
)
("C:\Users\marce\AppData\Local\Programs\MiKTeX 2.9\tex/latex/amsmath\amsopn.sty
"
Package: amsopn 2016/03/08 v2.02 operator names
)
\inf@bad=\count88
LaTeX Info: Redefining \frac on input line 223.
\uproot@=\count89
\leftroot@=\count90
LaTeX Info: Redefining \overline on input line 385.
\classnum@=\count91
\DOTSCASE@=\count92
LaTeX Info: Redefining \ldots on input line 482.
LaTeX Info: Redefining \dots on input line 485.
LaTeX Info: Redefining \cdots on input line 606.
\Mathstrutbox@=\box27
\strutbox@=\box28
\big@size=\dimen105
LaTeX Font Info:    Redeclaring font encoding OML on input line 729.
LaTeX Font Info:    Redeclaring font encoding OMS on input line 730.
\macc@depth=\count93
\c@MaxMatrixCols=\count94
\dotsspace@=\muskip10
\c@parentequation=\count95
\dspbrk@lvl=\count96
\tag@help=\toks15
\row@=\count97
\column@=\count98
\maxfields@=\count99
\andhelp@=\toks16
\eqnshift@=\dimen106
\alignsep@=\dimen107
\tagshift@=\dimen108
\tagwidth@=\dimen109
\totwidth@=\dimen110
\lineht@=\dimen111
\@envbody=\toks17
\multlinegap=\skip44
\multlinetaggap=\skip45
\mathdisplay@stack=\toks18
LaTeX Info: Redefining \[ on input line 2844.
LaTeX Info: Redefining \] on input line 2845.
)
("C:\Users\marce\AppData\Local\Programs\MiKTeX 2.9\tex/latex/graphics\graphicx.
sty"
Package: graphicx 2017/06/01 v1.1a Enhanced LaTeX Graphics (DPC,SPQR)

("C:\Users\marce\AppData\Local\Programs\MiKTeX 2.9\tex/latex/graphics\keyval.st
y"
Package: keyval 2014/10/28 v1.15 key=value parser (DPC)
\KV@toks@=\toks19
)
("C:\Users\marce\AppData\Local\Programs\MiKTeX 2.9\tex/latex/graphics\graphics.
sty"
Package: graphics 2017/06/25 v1.2c Standard LaTeX Graphics (DPC,SPQR)

("C:\Users\marce\AppData\Local\Programs\MiKTeX 2.9\tex/latex/graphics\trig.sty"
Package: trig 2016/01/03 v1.10 sin cos tan (DPC)
)
("C:\Users\marce\AppData\Local\Programs\MiKTeX 2.9\tex/latex/graphics-cfg\graph
ics.cfg"
File: graphics.cfg 2016/06/04 v1.11 sample graphics configuration
)
Package graphics Info: Driver file: pdftex.def on input line 99.

("C:\Users\marce\AppData\Local\Programs\MiKTeX 2.9\tex/latex/graphics-def\pdfte
x.def"
File: pdftex.def 2018/01/08 v1.0l Graphics/color driver for pdftex
))
\Gin@req@height=\dimen112
\Gin@req@width=\dimen113
)
("C:\Users\marce\AppData\Local\Programs\MiKTeX 2.9\tex/latex/caption\caption.st
y"
Package: caption 2018/10/06 v3.3-154 Customizing captions (AR)

("C:\Users\marce\AppData\Local\Programs\MiKTeX 2.9\tex/latex/caption\caption3.s
ty"
Package: caption3 2018/09/12 v1.8c caption3 kernel (AR)
Package caption3 Info: TeX engine: e-TeX on input line 64.
\captionmargin=\dimen114
\captionmargin@=\dimen115
\captionwidth=\dimen116
\caption@tempdima=\dimen117
\caption@indent=\dimen118
\caption@parindent=\dimen119
\caption@hangindent=\dimen120
)
\c@caption@flags=\count100
\c@ContinuedFloat=\count101
)
("C:\Users\marce\AppData\Local\Programs\MiKTeX 2.9\tex/latex/geometry\geometry.
sty"
Package: geometry 2018/04/16 v5.8 Page Geometry

("C:\Users\marce\AppData\Local\Programs\MiKTeX 2.9\tex/generic/oberdiek\ifpdf.s
ty"
Package: ifpdf 2018/09/07 v3.3 Provides the ifpdf switch
)
("C:\Users\marce\AppData\Local\Programs\MiKTeX 2.9\tex/generic/oberdiek\ifvtex.
sty"
Package: ifvtex 2016/05/16 v1.6 Detect VTeX and its facilities (HO)
Package ifvtex Info: VTeX not detected.
)
("C:\Users\marce\AppData\Local\Programs\MiKTeX 2.9\tex/generic/ifxetex\ifxetex.
sty"
Package: ifxetex 2010/09/12 v0.6 Provides ifxetex conditional
)
\Gm@cnth=\count102
\Gm@cntv=\count103
\c@Gm@tempcnt=\count104
\Gm@bindingoffset=\dimen121
\Gm@wd@mp=\dimen122
\Gm@odd@mp=\dimen123
\Gm@even@mp=\dimen124
\Gm@layoutwidth=\dimen125
\Gm@layoutheight=\dimen126
\Gm@layouthoffset=\dimen127
\Gm@layoutvoffset=\dimen128
\Gm@dimlist=\toks20

("C:\Users\marce\AppData\Local\Programs\MiKTeX 2.9\tex/latex/geometry\geometry.
cfg"))
("C:\Users\marce\AppData\Local\Programs\MiKTeX 2.9\tex/latex/base\fontenc.sty"
Package: fontenc 2018/08/11 v2.0j Standard LaTeX package

("C:\Users\marce\AppData\Local\Programs\MiKTeX 2.9\tex/latex/base\t1enc.def"
File: t1enc.def 2018/08/11 v2.0j Standard LaTeX file
LaTeX Font Info:    Redeclaring font encoding T1 on input line 48.
))
("C:\Users\marce\AppData\Local\Programs\MiKTeX 2.9\tex/latex/base\inputenc.sty"
Package: inputenc 2018/08/11 v1.3c Input encoding file
\inpenc@prehook=\toks21
\inpenc@posthook=\toks22
) ("C:\Users\marce\AppData\Local\Programs\MiKTeX 2.9\tex/latex/here\here.sty")
("C:\Users\marce\AppData\Local\Programs\MiKTeX 2.9\tex/latex/float\float.sty"
Package: float 2001/11/08 v1.3d Float enhancements (AL)
\c@float@type=\count105
\float@exts=\toks23
\float@box=\box29
\@float@everytoks=\toks24
\@floatcapt=\box30
)
(Ausarbeitung.aux

LaTeX Warning: Label `Bild2' multiply defined.


LaTeX Warning: Label `Bild1' multiply defined.


LaTeX Warning: Label `Bild2' multiply defined.


LaTeX Warning: Label `Bild2' multiply defined.


LaTeX Warning: Label `Bild1' multiply defined.


LaTeX Warning: Label `Bild2' multiply defined.


LaTeX Warning: Label `Bild2' multiply defined.


LaTeX Warning: Label `Bild1' multiply defined.


LaTeX Warning: Label `Bild2' multiply defined.


LaTeX Warning: Label `Bild2' multiply defined.


LaTeX Warning: Label `Bild1' multiply defined.


LaTeX Warning: Label `Bild2' multiply defined.


LaTeX Warning: Label `Bild2' multiply defined.


LaTeX Warning: Label `Bild1' multiply defined.


LaTeX Warning: Label `Bild2' multiply defined.


LaTeX Warning: Label `Bild2' multiply defined.

)
\openout1 = `Ausarbeitung.aux'.

LaTeX Font Info:    Checking defaults for OML/cmm/m/it on input line 11.
LaTeX Font Info:    ... okay on input line 11.
LaTeX Font Info:    Checking defaults for T1/cmr/m/n on input line 11.
LaTeX Font Info:    ... okay on input line 11.
LaTeX Font Info:    Checking defaults for OT1/cmr/m/n on input line 11.
LaTeX Font Info:    ... okay on input line 11.
LaTeX Font Info:    Checking defaults for OMS/cmsy/m/n on input line 11.
LaTeX Font Info:    ... okay on input line 11.
LaTeX Font Info:    Checking defaults for OMX/cmex/m/n on input line 11.
LaTeX Font Info:    ... okay on input line 11.
LaTeX Font Info:    Checking defaults for U/cmr/m/n on input line 11.
LaTeX Font Info:    ... okay on input line 11.

("C:\Users\marce\AppData\Local\Programs\MiKTeX 2.9\tex/context/base\supp-pdf.mk
ii"
[Loading MPS to PDF converter (version 2006.09.02).]
\scratchcounter=\count106
\scratchdimen=\dimen129
\scratchbox=\box31
\nofMPsegments=\count107
\nofMParguments=\count108
\everyMPshowfont=\toks25
\MPscratchCnt=\count109
\MPscratchDim=\dimen130
\MPnumerator=\count110
\makeMPintoPDFobject=\count111
\everyMPtoPDFconversion=\toks26
)
("C:\Users\marce\AppData\Local\Programs\MiKTeX 2.9\tex/latex/oberdiek\epstopdf-
base.sty"
Package: epstopdf-base 2016/05/15 v2.6 Base part for package epstopdf

("C:\Users\marce\AppData\Local\Programs\MiKTeX 2.9\tex/generic/oberdiek\infware
rr.sty"
Package: infwarerr 2016/05/16 v1.4 Providing info/warning/error messages (HO)
)
("C:\Users\marce\AppData\Local\Programs\MiKTeX 2.9\tex/latex/oberdiek\grfext.st
y"
Package: grfext 2016/05/16 v1.2 Manage graphics extensions (HO)

("C:\Users\marce\AppData\Local\Programs\MiKTeX 2.9\tex/generic/oberdiek\kvdefin
ekeys.sty"
Package: kvdefinekeys 2016/05/16 v1.4 Define keys (HO)

("C:\Users\marce\AppData\Local\Programs\MiKTeX 2.9\tex/generic/oberdiek\ltxcmds
.sty"
Package: ltxcmds 2016/05/16 v1.23 LaTeX kernel commands for general use (HO)
)))
("C:\Users\marce\AppData\Local\Programs\MiKTeX 2.9\tex/latex/oberdiek\kvoptions
.sty"
Package: kvoptions 2016/05/16 v3.12 Key value format for package options (HO)

("C:\Users\marce\AppData\Local\Programs\MiKTeX 2.9\tex/generic/oberdiek\kvsetke
ys.sty"
Package: kvsetkeys 2016/05/16 v1.17 Key value parser (HO)

("C:\Users\marce\AppData\Local\Programs\MiKTeX 2.9\tex/generic/oberdiek\etexcmd
s.sty"
Package: etexcmds 2016/05/16 v1.6 Avoid name clashes with e-TeX commands (HO)

("C:\Users\marce\AppData\Local\Programs\MiKTeX 2.9\tex/generic/oberdiek\ifluate
x.sty"
Package: ifluatex 2016/05/16 v1.4 Provides the ifluatex switch (HO)
Package ifluatex Info: LuaTeX not detected.
))))
("C:\Users\marce\AppData\Local\Programs\MiKTeX 2.9\tex/generic/oberdiek\pdftexc
mds.sty"
Package: pdftexcmds 2018/09/10 v0.29 Utility functions of pdfTeX for LuaTeX (HO
)
Package pdftexcmds Info: LuaTeX not detected.
Package pdftexcmds Info: \pdf@primitive is available.
Package pdftexcmds Info: \pdf@ifprimitive is available.
Package pdftexcmds Info: \pdfdraftmode found.
)
Package epstopdf-base Info: Redefining graphics rule for `.eps' on input line 4
38.
Package grfext Info: Graphics extension search list:
(grfext)             [.pdf,.png,.jpg,.mps,.jpeg,.jbig2,.jb2,.PDF,.PNG,.JPG,.JPE
G,.JBIG2,.JB2,.eps]
(grfext)             \AppendGraphicsExtensions on input line 456.
)
Package caption Info: Begin \AtBeginDocument code.
Package caption Info: float package is loaded.
Package caption Info: End \AtBeginDocument code.
Package caption Info: We need package `ragged2e' on input line 11.

("C:\Users\marce\AppData\Local\Programs\MiKTeX 2.9\tex/latex/ms\ragged2e.sty"
Package: ragged2e 2009/05/21 v2.1 ragged2e Package (MS)

("C:\Users\marce\AppData\Local\Programs\MiKTeX 2.9\tex/latex/ms\everysel.sty"
Package: everysel 2011/10/28 v1.2 EverySelectfont Package (MS)

ABD: EverySelectfont initializing macros
LaTeX Info: Redefining \selectfont on input line 126.
)
\CenteringLeftskip=\skip46
\RaggedLeftLeftskip=\skip47
\RaggedRightLeftskip=\skip48
\CenteringRightskip=\skip49
\RaggedLeftRightskip=\skip50
\RaggedRightRightskip=\skip51
\CenteringParfillskip=\skip52
\RaggedLeftParfillskip=\skip53
\RaggedRightParfillskip=\skip54
\JustifyingParfillskip=\skip55
\CenteringParindent=\skip56
\RaggedLeftParindent=\skip57
\RaggedRightParindent=\skip58
\JustifyingParindent=\skip59
)
*geometry* driver: auto-detecting
*geometry* detected driver: pdftex
*geometry* verbose mode - [ preamble ] result:
* driver: pdftex
* paper: a4paper
* layout: <same size as paper>
* layoutoffset:(h,v)=(0.0pt,0.0pt)
* modes: 
* h-part:(L,W,R)=(85.35826pt, 426.79135pt, 85.35826pt)
* v-part:(T,H,B)=(85.35826pt, 674.33032pt, 85.35826pt)
* \paperwidth=597.50787pt
* \paperheight=845.04684pt
* \textwidth=426.79135pt
* \textheight=674.33032pt
* \oddsidemargin=13.08827pt
* \evensidemargin=13.08827pt
* \topmargin=-23.91173pt
* \headheight=12.0pt
* \headsep=25.0pt
* \topskip=12.0pt
* \footskip=30.0pt
* \marginparwidth=44.0pt
* \marginparsep=10.0pt
* \columnsep=10.0pt
* \skip\footins=10.8pt plus 4.0pt minus 2.0pt
* \hoffset=0.0pt
* \voffset=0.0pt
* \mag=1000
* \@twocolumnfalse
* \@twosidefalse
* \@mparswitchfalse
* \@reversemarginfalse
* (1in=72.27pt=25.4mm, 1cm=28.453pt)

[1

{C:/Users/marce/AppData/Local/MiKTeX/2.9/pdftex/config/pdftex.map}]
LaTeX Font Info:    Try loading font information for OMS+cmr on input line 33.

("C:\Users\marce\AppData\Local\Programs\MiKTeX 2.9\tex/latex/base\omscmr.fd"
File: omscmr.fd 2014/09/29 v2.5h Standard LaTeX font definitions
)
LaTeX Font Info:    Font shape `OMS/cmr/m/n' in size <12> not available
(Font)              Font shape `OMS/cmsy/m/n' tried instead on input line 33.

Underfull \hbox (badness 10000) in paragraph at lines 54--59

 []


Underfull \hbox (badness 10000) in paragraph at lines 54--59

 []

[1]
Underfull \hbox (badness 10000) in paragraph at lines 95--98

 []


Underfull \hbox (badness 10000) in paragraph at lines 95--98

 []

<A1_Gitterverschiebung.png, id=23, 403.9893pt x 299.1978pt>
File: A1_Gitterverschiebung.png Graphic file (type png)
<use A1_Gitterverschiebung.png>
Package pdftex.def Info: A1_Gitterverschiebung.png  used on input line 102.
(pdftex.def)             Requested size: 142.26378pt x 105.35994pt.

Overfull \hbox (35.56595pt too wide) in paragraph at lines 102--103
 [][] 
 []

<A1_Druck.png, id=25, 389.5353pt x 302.0886pt>
File: A1_Druck.png Graphic file (type png)
<use A1_Druck.png>
Package pdftex.def Info: A1_Druck.png  used on input line 109.
(pdftex.def)             Requested size: 142.26378pt x 110.32364pt.

Overfull \hbox (35.56595pt too wide) in paragraph at lines 109--110
 [][] 
 []

<A1_tau2nd.png, id=26, 385.1991pt x 304.2567pt>
File: A1_tau2nd.png Graphic file (type png)
<use A1_tau2nd.png>
Package pdftex.def Info: A1_tau2nd.png  used on input line 116.
(pdftex.def)             Requested size: 142.26378pt x 112.36894pt.

Overfull \hbox (35.56595pt too wide) in paragraph at lines 116--117
 [][] 
 []

[2]
<A1_tauxx.png, id=32, 386.6445pt x 309.3156pt>
File: A1_tauxx.png Graphic file (type png)
<use A1_tauxx.png>
Package pdftex.def Info: A1_tauxx.png  used on input line 127.
(pdftex.def)             Requested size: 142.26378pt x 113.8078pt.

Overfull \hbox (35.56595pt too wide) in paragraph at lines 127--128
 [][] 
 []

<A1_tauyy.png, id=33, 386.6445pt x 309.3156pt>
File: A1_tauyy.png Graphic file (type png)
<use A1_tauyy.png>
Package pdftex.def Info: A1_tauyy.png  used on input line 134.
(pdftex.def)             Requested size: 142.26378pt x 113.8078pt.

Overfull \hbox (35.56595pt too wide) in paragraph at lines 134--135
 [][] 
 []

<A1_tauxy.png, id=34, 386.6445pt x 309.3156pt>
File: A1_tauxy.png Graphic file (type png)
<use A1_tauxy.png>
Package pdftex.def Info: A1_tauxy.png  used on input line 141.
(pdftex.def)             Requested size: 142.26378pt x 113.8078pt.

Overfull \hbox (35.56595pt too wide) in paragraph at lines 141--142
 [][] 
 []

<A2_Gitterverschiebung_2000.png, id=35, 392.4261pt x 298.4751pt>
File: A2_Gitterverschiebung_2000.png Graphic file (type png)
<use A2_Gitterverschiebung_2000.png>
Package pdftex.def Info: A2_Gitterverschiebung_2000.png  used on input line 152
.
(pdftex.def)             Requested size: 142.26378pt x 108.20241pt.

Overfull \hbox (35.56595pt too wide) in paragraph at lines 152--153
 [][] 
 []

<A2_Druck_2000.png, id=36, 380.1402pt x 302.0886pt>
File: A2_Druck_2000.png Graphic file (type png)
<use A2_Druck_2000.png>
Package pdftex.def Info: A2_Druck_2000.png  used on input line 159.
(pdftex.def)             Requested size: 142.26378pt x 113.05707pt.

Overfull \hbox (35.56595pt too wide) in paragraph at lines 159--160
 [][] 
 []

<A2_tau2nd_2000.png, id=37, 381.5856pt x 304.2567pt>
File: A2_tau2nd_2000.png Graphic file (type png)
<use A2_tau2nd_2000.png>
Package pdftex.def Info: A2_tau2nd_2000.png  used on input line 166.
(pdftex.def)             Requested size: 142.26378pt x 113.43208pt.

Overfull \hbox (35.56595pt too wide) in paragraph at lines 166--167
 [][] 
 []


Overfull \hbox (9.14531pt too wide) in paragraph at lines 148--170
[]\T1/cmr/m/n/12 Die fol-gen-den Ergeb-nisse zeigen das Ver-hal-ten des Ma-te-r
i-als bei gle-ich-groÿen Schichten
 []

<A2_tauxx_2000.png, id=38, 389.5353pt x 309.3156pt>
File: A2_tauxx_2000.png Graphic file (type png)
<use A2_tauxx_2000.png>
Package pdftex.def Info: A2_tauxx_2000.png  used on input line 177.
(pdftex.def)             Requested size: 142.26378pt x 112.96297pt.

Overfull \hbox (35.56595pt too wide) in paragraph at lines 177--178
 [][] 
 []

<A2_tauyy_2000.png, id=39, 383.031pt x 309.3156pt>
File: A2_tauyy_2000.png Graphic file (type png)
<use A2_tauyy_2000.png>
Package pdftex.def Info: A2_tauyy_2000.png  used on input line 184.
(pdftex.def)             Requested size: 142.26378pt x 114.88863pt.

Overfull \hbox (35.56595pt too wide) in paragraph at lines 184--185
 [][] 
 []

<A2_tauxy_2000.png, id=40, 389.5353pt x 309.3156pt>
File: A2_tauxy_2000.png Graphic file (type png)
<use A2_tauxy_2000.png>
Package pdftex.def Info: A2_tauxy_2000.png  used on input line 191.
(pdftex.def)             Requested size: 142.26378pt x 112.96297pt.

Overfull \hbox (35.56595pt too wide) in paragraph at lines 191--192
 [][] 
 []

[3 <./A1_Gitterverschiebung.png> <./A1_Druck.png> <./A1_tau2nd.png> <./A1_tauxx
.png> <./A1_tauyy.png> <./A1_tauxy.png> <./A2_Gitterverschiebung_2000.png> <./A
2_Druck_2000.png> <./A2_tau2nd_2000.png>]
<A2_Gitterverschiebung_4000.png, id=53, 399.6531pt x 298.4751pt>
File: A2_Gitterverschiebung_4000.png Graphic file (type png)
<use A2_Gitterverschiebung_4000.png>
Package pdftex.def Info: A2_Gitterverschiebung_4000.png  used on input line 202
.
(pdftex.def)             Requested size: 142.26378pt x 106.2486pt.

Overfull \hbox (35.56595pt too wide) in paragraph at lines 202--203
 [][] 
 []

<A2_Druck_4000.png, id=54, 380.1402pt x 302.0886pt>
File: A2_Druck_4000.png Graphic file (type png)
<use A2_Druck_4000.png>
Package pdftex.def Info: A2_Druck_4000.png  used on input line 209.
(pdftex.def)             Requested size: 142.26378pt x 113.05707pt.

Overfull \hbox (35.56595pt too wide) in paragraph at lines 209--210
 [][] 
 []

<A2_tau2nd_4000.png, id=55, 381.5856pt x 304.2567pt>
File: A2_tau2nd_4000.png Graphic file (type png)
<use A2_tau2nd_4000.png>
Package pdftex.def Info: A2_tau2nd_4000.png  used on input line 216.
(pdftex.def)             Requested size: 142.26378pt x 113.43208pt.

Overfull \hbox (35.56595pt too wide) in paragraph at lines 216--217
 [][] 
 []

<A2_tauxx_4000.png, id=56, 383.031pt x 309.3156pt>
File: A2_tauxx_4000.png Graphic file (type png)
<use A2_tauxx_4000.png>
Package pdftex.def Info: A2_tauxx_4000.png  used on input line 227.
(pdftex.def)             Requested size: 142.26378pt x 114.88863pt.

Overfull \hbox (35.56595pt too wide) in paragraph at lines 227--228
 [][] 
 []

<A2_tauyy_4000.png, id=57, 383.031pt x 309.3156pt>
File: A2_tauyy_4000.png Graphic file (type png)
<use A2_tauyy_4000.png>
Package pdftex.def Info: A2_tauyy_4000.png  used on input line 234.
(pdftex.def)             Requested size: 142.26378pt x 114.88863pt.

Overfull \hbox (35.56595pt too wide) in paragraph at lines 234--235
 [][] 
 []

<A2_tauxy_4000.png, id=58, 383.031pt x 309.3156pt>
File: A2_tauxy_4000.png Graphic file (type png)
<use A2_tauxy_4000.png>
Package pdftex.def Info: A2_tauxy_4000.png  used on input line 241.
(pdftex.def)             Requested size: 142.26378pt x 114.88863pt.

Overfull \hbox (35.56595pt too wide) in paragraph at lines 241--242
 [][] 
 []

[4 <./A2_tauxx_2000.png> <./A2_tauyy_2000.png> <./A2_tauxy_2000.png> <./A2_Gitt
erverschiebung_4000.png> <./A2_Druck_4000.png> <./A2_tau2nd_4000.png> <./A2_tau
xx_4000.png> <./A2_tauyy_4000.png> <./A2_tauxy_4000.png>] (Ausarbeitung.aux)

LaTeX Warning: There were multiply-defined labels.

 ) 
Here is how much of TeX's memory you used:
 4136 strings out of 492946
 63449 string characters out of 3126266
 133136 words of memory out of 3000000
 7951 multiletter control sequences out of 15000+200000
 16585 words of font info for 47 fonts, out of 3000000 for 9000
 1141 hyphenation exceptions out of 8191
 41i,12n,39p,761b,347s stack positions out of 5000i,500n,10000p,200000b,50000s
 <C:\Users\marce\AppData\Local\MiKTeX\2.9\fonts/pk/ljfour/jknappen/ec/dpi600\
ecrm1200.pk> <C:\Users\marce\AppData\Local\MiKTeX\2.9\fonts/pk/ljfour/jknappen/
ec/dpi600\ecbx1440.pk> <C:\Users\marce\AppData\Local\MiKTeX\2.9\fonts/pk/ljfour
/jknappen/ec/dpi600\ecbx1728.pk> <C:\Users\marce\AppData\Local\MiKTeX\2.9\fonts
/pk/ljfour/jknappen/ec/dpi600\ecrm1440.pk> <C:\Users\marce\AppData\Local\MiKTeX
\2.9\fonts/pk/ljfour/jknappen/ec/dpi600\ecbx2074.pk><C:/Users/marce/AppData/Loc
al/Programs/MiKTeX 2.9/fonts/type1/public/amsfonts/cmextra/cmbsy8.pfb><C:/Users
/marce/AppData/Local/Programs/MiKTeX 2.9/fonts/type1/public/amsfonts/cm/cmex10.
pfb><C:/Users/marce/AppData/Local/Programs/MiKTeX 2.9/fonts/type1/public/amsfon
ts/cm/cmmi12.pfb><C:/Users/marce/AppData/Local/Programs/MiKTeX 2.9/fonts/type1/
public/amsfonts/cm/cmmi6.pfb><C:/Users/marce/AppData/Local/Programs/MiKTeX 2.9/
fonts/type1/public/amsfonts/cm/cmmi8.pfb><C:/Users/marce/AppData/Local/Programs
/MiKTeX 2.9/fonts/type1/public/amsfonts/cm/cmmib10.pfb><C:/Users/marce/AppData/
Local/Programs/MiKTeX 2.9/fonts/type1/public/amsfonts/cmextra/cmmib8.pfb><C:/Us
ers/marce/AppData/Local/Programs/MiKTeX 2.9/fonts/type1/public/amsfonts/cm/cmr1
2.pfb><C:/Users/marce/AppData/Local/Programs/MiKTeX 2.9/fonts/type1/public/amsf
onts/cm/cmr6.pfb><C:/Users/marce/AppData/Local/Programs/MiKTeX 2.9/fonts/type1/
public/amsfonts/cm/cmr8.pfb><C:/Users/marce/AppData/Local/Programs/MiKTeX 2.9/f
onts/type1/public/amsfonts/cm/cmsy10.pfb><C:/Users/marce/AppData/Local/Programs
/MiKTeX 2.9/fonts/type1/public/amsfonts/cm/cmsy8.pfb>
Output written on Ausarbeitung.pdf (5 pages, 582718 bytes).
PDF statistics:
 271 PDF objects out of 1000 (max. 8388607)
 0 named destinations out of 1000 (max. 500000)
 91 words of extra memory for PDF output out of 10000 (max. 10000000)

